2017-11-07 09:41:50.672 [main] INFO  io.github.biezhi.wechat.ui.StartUI - [*] 微信网页版 ... 开动

2017-11-07 09:41:50.675 [main] INFO  io.github.biezhi.wechat.ui.StartUI - [*] 尝试初始化 ... 
2017-11-07 09:41:50.675 [main] INFO  io.github.biezhi.wechat.ui.StartUI - [*] 正在获取 uuid ... 
2017-11-07 09:41:51.851 [main] INFO  io.github.biezhi.wechat.ui.StartUI - [*] 正在获取二维码 ... 成功

2017-11-07 09:41:52.162 [main] INFO  io.github.biezhi.wechat.ui.StartUI - [*] 请使用微信扫描二维码以登录 ... 

2017-11-07 09:41:57.182 [main] INFO  io.github.biezhi.wechat.ui.StartUI - [*] 请在手机上点击确认以登录 ... 

2017-11-07 09:41:59.263 [main] INFO  io.github.biezhi.wechat.ui.StartUI - [*] 正在登录 ... 
2017-11-07 09:41:59.418 [main] INFO  io.github.biezhi.wechat.ui.StartUI - [*] 微信初始化 ... 
2017-11-07 09:41:59.783 [main] INFO  io.github.biezhi.wechat.ui.StartUI - [*] 开启状态通知 ... 
2017-11-07 09:41:59.891 [main] INFO  io.github.biezhi.wechat.ui.StartUI - [*] 获取联系人 ... 
2017-11-07 09:42:02.374 [main] INFO  io.github.biezhi.wechat.ui.StartUI - [*] 应有 [348] 个联系人，读取到联系人 [348] 个

2017-11-07 09:42:02.375 [main] INFO  io.github.biezhi.wechat.ui.StartUI - [*] 共有 [0] 个群 | [278] 个直接联系人 | [0] 个特殊账号 ｜ [69] 个公众号/服务号

2017-11-07 09:42:02.400 [main] INFO  io.github.biezhi.wechat.ui.StartUI - [*] 保存配置 ... 
2017-11-07 09:42:02.841 [main] INFO  io.github.biezhi.wechat.ui.StartUI - [*] 提示手机网页版微信登录状态

2017-11-07 09:44:34.897 [main] INFO  io.github.biezhi.wechat.ui.StartUI - [*] 微信网页版 ... 开动

2017-11-07 09:44:34.910 [main] INFO  io.github.biezhi.wechat.ui.StartUI - [*] 尝试初始化 ... 
2017-11-07 09:44:34.910 [main] INFO  io.github.biezhi.wechat.ui.StartUI - [*] 正在获取 uuid ... 
2017-11-07 09:44:35.630 [main] INFO  io.github.biezhi.wechat.ui.StartUI - [*] 正在获取二维码 ... 成功

2017-11-07 09:44:35.811 [main] INFO  io.github.biezhi.wechat.ui.StartUI - [*] 请使用微信扫描二维码以登录 ... 

2017-11-07 09:44:39.417 [main] INFO  io.github.biezhi.wechat.ui.StartUI - [*] 请在手机上点击确认以登录 ... 

2017-11-07 09:44:42.257 [main] INFO  io.github.biezhi.wechat.ui.StartUI - [*] 正在登录 ... 
2017-11-07 09:44:42.393 [main] INFO  io.github.biezhi.wechat.ui.StartUI - [*] 微信初始化 ... 
2017-11-07 09:44:42.738 [main] INFO  io.github.biezhi.wechat.ui.StartUI - [*] 开启状态通知 ... 
2017-11-07 09:44:42.808 [main] INFO  io.github.biezhi.wechat.ui.StartUI - [*] 获取联系人 ... 
2017-11-07 09:44:44.990 [main] INFO  io.github.biezhi.wechat.ui.StartUI - [*] 应有 [347] 个联系人，读取到联系人 [347] 个

2017-11-07 09:44:44.991 [main] INFO  io.github.biezhi.wechat.ui.StartUI - [*] 共有 [0] 个群 | [277] 个直接联系人 | [0] 个特殊账号 ｜ [69] 个公众号/服务号

2017-11-07 09:44:44.996 [main] INFO  io.github.biezhi.wechat.ui.StartUI - [*] 保存配置 ... 
2017-11-07 09:44:45.366 [main] INFO  io.github.biezhi.wechat.ui.StartUI - [*] 提示手机网页版微信登录状态

2017-11-07 09:44:47.783 [main] INFO  io.github.biezhi.wechat.ui.StartUI - 319581013791274144 易尊德 -> Simpleye: 打扰我睡觉了你

2017-11-07 09:44:56.050 [main] INFO  io.github.biezhi.wechat.ui.StartUI - [*] 提示手机网页版微信登录状态

2017-11-07 09:45:09.210 [main] INFO  io.github.biezhi.wechat.ui.StartUI - 978030816064091390 Simpleye -> 易尊德: 死猪啊

2017-11-07 09:45:12.127 [main] INFO  io.github.biezhi.wechat.ui.StartUI - 1552391486644276670 Simpleye -> 易尊德: 睡这么久

2017-11-07 09:45:26.975 [main] INFO  io.github.biezhi.wechat.ui.StartUI - 9121463215648654318 易尊德 -> Simpleye: 太冷

2017-11-07 09:45:32.368 [main] INFO  io.github.biezhi.wechat.ui.StartUI - 6692312922146278529 Simpleye -> 易尊德: 真实安逸哦   

2017-11-07 09:45:45.958 [main] INFO  io.github.biezhi.wechat.ui.StartUI - 3519415271689725202 Simpleye -> 易尊德: 现在还没到最冷的时候

2017-11-07 09:45:54.690 [main] INFO  io.github.biezhi.wechat.ui.StartUI - 3550586006724258794 易尊德 -> Simpleye: 那不出去了

2017-11-07 09:46:08.869 [main] INFO  io.github.biezhi.wechat.ui.StartUI - 7563519288958713662 Simpleye -> 易尊德: 还在广汉？

2017-11-07 09:46:11.808 [main] INFO  io.github.biezhi.wechat.ui.StartUI - 5150439173100995021 易尊德 -> Simpleye: 就是

2017-11-07 09:46:14.817 [main] INFO  io.github.biezhi.wechat.ui.StartUI - [*] 提示手机网页版微信登录状态

2017-11-07 09:46:24.485 [main] INFO  io.github.biezhi.wechat.ui.StartUI - 1355339069127138311 Simpleye -> 易尊德: 安逸的一比

2017-11-07 09:46:29.495 [main] INFO  io.github.biezhi.wechat.ui.StartUI - 3411429880088131367 Simpleye -> 易尊德: 还是你负责广汉？

2017-11-07 09:46:32.545 [main] INFO  io.github.biezhi.wechat.ui.StartUI - [*] 提示手机网页版微信登录状态

2017-11-07 09:46:37.273 [main] INFO  io.github.biezhi.wechat.ui.StartUI - 4056482085019924426 Simpleye -> 易尊德: 租的房子？

2017-11-07 09:46:37.730 [main] INFO  io.github.biezhi.wechat.ui.StartUI - 6973358887260278666 易尊德 -> Simpleye: 那还有谁

2017-11-07 09:46:53.461 [main] INFO  io.github.biezhi.wechat.ui.StartUI - 3330009677400168355 易尊德 -> Simpleye: 你这个是自动回复哦

2017-11-07 09:48:23.234 [main] INFO  io.github.biezhi.wechat.ui.StartUI - [*] 微信网页版 ... 开动

2017-11-07 09:48:23.246 [main] INFO  io.github.biezhi.wechat.ui.StartUI - [*] 尝试初始化 ... 
2017-11-07 09:48:23.246 [main] INFO  io.github.biezhi.wechat.ui.StartUI - [*] 正在获取 uuid ... 
2017-11-07 09:48:23.953 [main] INFO  io.github.biezhi.wechat.ui.StartUI - [*] 正在获取二维码 ... 成功

2017-11-07 09:48:24.145 [main] INFO  io.github.biezhi.wechat.ui.StartUI - [*] 请使用微信扫描二维码以登录 ... 

2017-11-07 09:48:27.477 [main] INFO  io.github.biezhi.wechat.ui.StartUI - [*] 请在手机上点击确认以登录 ... 

2017-11-07 09:48:28.842 [main] INFO  io.github.biezhi.wechat.ui.StartUI - [*] 正在登录 ... 
2017-11-07 09:48:28.988 [main] INFO  io.github.biezhi.wechat.ui.StartUI - [*] 微信初始化 ... 
2017-11-07 09:48:29.329 [main] INFO  io.github.biezhi.wechat.ui.StartUI - [*] 开启状态通知 ... 
2017-11-07 09:48:29.405 [main] INFO  io.github.biezhi.wechat.ui.StartUI - [*] 获取联系人 ... 
2017-11-07 09:48:31.636 [main] INFO  io.github.biezhi.wechat.ui.StartUI - [*] 应有 [347] 个联系人，读取到联系人 [347] 个

2017-11-07 09:48:31.636 [main] INFO  io.github.biezhi.wechat.ui.StartUI - [*] 共有 [0] 个群 | [277] 个直接联系人 | [0] 个特殊账号 ｜ [69] 个公众号/服务号

2017-11-07 09:48:31.640 [main] INFO  io.github.biezhi.wechat.ui.StartUI - [*] 保存配置 ... 
2017-11-07 09:48:31.989 [main] INFO  io.github.biezhi.wechat.ui.StartUI - [*] 提示手机网页版微信登录状态

2017-11-07 09:48:34.958 [main] INFO  io.github.biezhi.wechat.ui.StartUI - 717383690489624104 Simpleye -> 易尊德: 你再试试

2017-11-07 09:48:51.777 [main] INFO  io.github.biezhi.wechat.ui.StartUI - 6685890574253333054 易尊德 -> Simpleye: 结了婚就辞职

2017-11-07 09:49:05.869 [main] INFO  io.github.biezhi.wechat.ui.StartUI - 3043055073851341317 Simpleye -> 易尊德: 好久结婚？

2017-11-07 09:49:10.913 [main] INFO  io.github.biezhi.wechat.ui.StartUI - 4040260243679651866 易尊德 -> Simpleye: 不知道

2017-11-07 09:49:36.123 [main] INFO  io.github.biezhi.wechat.ui.StartUI - 3518369335462074110 易尊德 -> Simpleye: 你这个自动回复怎么搞的

2017-11-07 09:49:51.620 [main] INFO  io.github.biezhi.wechat.ui.StartUI - 3040076926997732406 易尊德 -> Simpleye: 重新下软件？

2017-11-07 09:50:24.274 [main] INFO  io.github.biezhi.wechat.ui.StartUI - 8740348353322702475 Simpleye -> 易尊德: 只想好好聊个天

2017-11-07 09:52:25.426 [main] INFO  io.github.biezhi.wechat.ui.StartUI - 6785963703658255640 Simpleye -> 易尊德: 问你呢

2017-11-07 09:52:25.883 [main] INFO  io.github.biezhi.wechat.ui.StartUI - 4542558120743167352 易尊德 -> Simpleye: 我去研究研究

2017-11-07 09:52:34.644 [main] INFO  io.github.biezhi.wechat.ui.StartUI - 8092296369639711353 Simpleye -> 易尊德: 你现在每个月   能赚好多？

2017-11-07 09:52:37.792 [main] INFO  io.github.biezhi.wechat.ui.StartUI - 6545971025215418227 易尊德 -> Simpleye: 问我啥子？

2017-11-07 09:52:41.463 [main] INFO  io.github.biezhi.wechat.ui.StartUI - [*] 提示手机网页版微信登录状态

2017-11-07 09:52:51.354 [main] INFO  io.github.biezhi.wechat.ui.StartUI - 1932434508587015307 易尊德 -> Simpleye: 能不能关了，

2017-11-07 10:29:29.108 [main] INFO  io.github.biezhi.wechat.ui.StartUI - [*] 微信网页版 ... 开动

2017-11-07 10:29:29.111 [main] INFO  io.github.biezhi.wechat.ui.StartUI - [*] 尝试初始化 ... 
2017-11-07 10:29:29.111 [main] INFO  io.github.biezhi.wechat.ui.StartUI - [*] 正在获取 uuid ... 
2017-11-07 10:29:30.048 [main] INFO  io.github.biezhi.wechat.ui.StartUI - [*] 正在获取二维码 ... 成功

2017-11-07 10:29:30.305 [main] INFO  io.github.biezhi.wechat.ui.StartUI - [*] 请使用微信扫描二维码以登录 ... 

2017-11-07 10:29:32.816 [main] INFO  io.github.biezhi.wechat.ui.StartUI - [*] 请在手机上点击确认以登录 ... 

2017-11-07 10:29:34.516 [main] INFO  io.github.biezhi.wechat.ui.StartUI - [*] 正在登录 ... 
2017-11-07 10:29:34.652 [main] INFO  io.github.biezhi.wechat.ui.StartUI - [*] 微信初始化 ... 
2017-11-07 10:29:35.004 [main] INFO  io.github.biezhi.wechat.ui.StartUI - [*] 开启状态通知 ... 
2017-11-07 10:29:35.069 [main] INFO  io.github.biezhi.wechat.ui.StartUI - [*] 获取联系人 ... 
2017-11-07 10:29:37.094 [main] INFO  io.github.biezhi.wechat.ui.StartUI - [*] 应有 [347] 个联系人，读取到联系人 [347] 个

2017-11-07 10:29:37.094 [main] INFO  io.github.biezhi.wechat.ui.StartUI - [*] 共有 [0] 个群 | [277] 个直接联系人 | [0] 个特殊账号 ｜ [69] 个公众号/服务号

2017-11-07 10:29:37.099 [main] INFO  io.github.biezhi.wechat.ui.StartUI - [*] 保存配置 ... 
2017-11-07 10:29:37.453 [main] INFO  io.github.biezhi.wechat.ui.StartUI - [*] 提示手机网页版微信登录状态

2017-11-07 10:29:53.560 [main] INFO  io.github.biezhi.wechat.ui.StartUI - 4147575166883234040 陈小博 -> Simpleye: 。我

2017-11-07 10:30:01.769 [main] INFO  io.github.biezhi.wechat.ui.StartUI - [*] 提示手机网页版微信登录状态

2017-11-07 10:30:07.939 [main] INFO  io.github.biezhi.wechat.ui.StartUI - 8961922504900692284 陈小博 -> Simpleye: 好

2017-11-07 10:30:11.109 [main] INFO  io.github.biezhi.wechat.ui.StartUI - [*] 提示手机网页版微信登录状态

2017-11-07 10:30:12.976 [main] INFO  io.github.biezhi.wechat.ui.StartUI - 1963742719925667491 陈小博 -> Simpleye: 逗比

2017-11-07 10:30:19.502 [main] INFO  io.github.biezhi.wechat.ui.StartUI - [*] 微信网页版 ... 开动

2017-11-07 10:30:19.511 [main] INFO  io.github.biezhi.wechat.ui.StartUI - [*] 尝试初始化 ... 
2017-11-07 10:30:19.511 [main] INFO  io.github.biezhi.wechat.ui.StartUI - [*] 正在获取 uuid ... 
2017-11-07 10:30:20.242 [main] INFO  io.github.biezhi.wechat.ui.StartUI - [*] 正在获取二维码 ... 成功

2017-11-07 10:30:20.432 [main] INFO  io.github.biezhi.wechat.ui.StartUI - [*] 请使用微信扫描二维码以登录 ... 

2017-11-07 10:30:25.050 [main] INFO  io.github.biezhi.wechat.ui.StartUI - [*] 请在手机上点击确认以登录 ... 

2017-11-07 10:30:26.569 [main] INFO  io.github.biezhi.wechat.ui.StartUI - [*] 正在登录 ... 
2017-11-07 10:30:26.715 [main] INFO  io.github.biezhi.wechat.ui.StartUI - [*] 微信初始化 ... 
2017-11-07 10:30:27.017 [main] INFO  io.github.biezhi.wechat.ui.StartUI - [*] 开启状态通知 ... 
2017-11-07 10:30:27.090 [main] INFO  io.github.biezhi.wechat.ui.StartUI - [*] 获取联系人 ... 
2017-11-07 10:30:28.986 [main] INFO  io.github.biezhi.wechat.ui.StartUI - [*] 应有 [347] 个联系人，读取到联系人 [347] 个

2017-11-07 10:30:28.987 [main] INFO  io.github.biezhi.wechat.ui.StartUI - [*] 共有 [0] 个群 | [277] 个直接联系人 | [0] 个特殊账号 ｜ [69] 个公众号/服务号

2017-11-07 10:30:28.989 [main] INFO  io.github.biezhi.wechat.ui.StartUI - [*] 保存配置 ... 
2017-11-07 10:30:29.324 [main] INFO  io.github.biezhi.wechat.ui.StartUI - [*] 提示手机网页版微信登录状态

2017-11-07 10:30:35.655 [main] INFO  io.github.biezhi.wechat.ui.StartUI - 7514540715388203388 陈小博 -> Simpleye: 好

2017-11-07 10:30:38.115 [main] INFO  io.github.biezhi.wechat.ui.StartUI - 12853153432057705 陈小博 -> Simpleye: 不

2017-11-07 10:30:43.207 [main] INFO  io.github.biezhi.wechat.ui.StartUI - 3001031104767862743 陈小博 -> Simpleye: 你

2017-11-07 10:30:48.668 [main] INFO  io.github.biezhi.wechat.ui.StartUI - 5907914106347200027 陈小博 -> Simpleye: 好

2017-11-07 10:30:50.363 [main] INFO  io.github.biezhi.wechat.ui.StartUI - 2106723211796009919 陈小博 -> Simpleye: 不

2017-11-07 10:31:48.001 [main] INFO  io.github.biezhi.wechat.ui.StartUI - [*] 提示手机网页版微信登录状态

2017-11-07 10:32:02.835 [main] INFO  io.github.biezhi.wechat.ui.StartUI - [*] 提示手机网页版微信登录状态

2017-11-07 10:32:13.947 [main] INFO  io.github.biezhi.wechat.ui.StartUI - [*] 提示手机网页版微信登录状态

2017-11-07 10:39:49.226 [main] INFO  io.github.biezhi.wechat.ui.StartUI - 464828170296130029 未知_@@3085f61c247963871af9a2717c15e84a64469d424e94cc75f8f464533c2765f8 -> Simpleye: null

2017-11-07 10:53:29.742 [main] INFO  io.github.biezhi.wechat.ui.StartUI - [*] 提示手机网页版微信登录状态

2017-11-07 10:53:41.060 [main] INFO  io.github.biezhi.wechat.ui.StartUI - [*] 提示手机网页版微信登录状态

2017-11-07 10:57:50.380 [main] INFO  io.github.biezhi.wechat.ui.StartUI - [*] 提示手机网页版微信登录状态

2017-11-07 10:58:43.312 [main] INFO  io.github.biezhi.wechat.ui.StartUI - [*] 提示手机网页版微信登录状态

2017-11-07 10:59:36.339 [main] INFO  io.github.biezhi.wechat.ui.StartUI - [*] 提示手机网页版微信登录状态

2017-11-07 10:59:36.657 [main] INFO  io.github.biezhi.wechat.ui.StartUI - [*] 提示手机网页版微信登录状态

2017-11-07 10:59:38.327 [main] INFO  io.github.biezhi.wechat.ui.StartUI - [*] 提示手机网页版微信登录状态

2017-11-07 11:02:23.892 [main] INFO  io.github.biezhi.wechat.ui.StartUI - [*] 提示手机网页版微信登录状态

2017-11-07 11:05:00.551 [main] INFO  io.github.biezhi.wechat.ui.StartUI - 1852612300514494673 公众平台安全助手 -> Simpleye: null

2017-11-07 11:05:14.268 [main] INFO  io.github.biezhi.wechat.ui.StartUI - [*] 提示手机网页版微信登录状态

2017-11-07 11:05:56.161 [main] INFO  io.github.biezhi.wechat.ui.StartUI - 7545614659358377885 公众平台安全助手 -> Simpleye: null

2017-11-07 11:06:01.031 [main] INFO  io.github.biezhi.wechat.ui.StartUI - [*] 提示手机网页版微信登录状态

2017-11-07 11:13:21.496 [main] INFO  io.github.biezhi.wechat.ui.StartUI - 3284390173145767310 公众平台安全助手 -> Simpleye: 已成功群发一条【文字】消息，该消息于【11:13】上传。

2017-11-07 11:13:22.421 [main] INFO  io.github.biezhi.wechat.ui.StartUI - 4394449441209815906 公众平台安全助手 -> Simpleye: 你正在尝试群发一条【文字】消息，该消息于【11:13】上传，长达【18字】。
发送到公众账号【战斗吧少年】请回复A
放弃请回复N，5分钟内无回复则自动放弃。

2017-11-07 11:13:23.110 [main] INFO  io.github.biezhi.wechat.ui.StartUI - 8712668186866442727 公众平台安全助手 -> Simpleye: 你正在尝试群发一条【文字】消息，该消息于【11:13】上传，长达【10字】。
发送到公众账号【战斗吧少年】请回复A
放弃请回复N，5分钟内无回复则自动放弃。

2017-11-07 11:13:23.608 [main] INFO  io.github.biezhi.wechat.ui.StartUI - 1630784787223512938 公众平台安全助手 -> Simpleye: 你正在尝试群发一条【文字】消息，该消息于【11:13】上传，长达【9字】。
发送到公众账号【战斗吧少年】请回复A
放弃请回复N，5分钟内无回复则自动放弃。

2017-11-07 11:13:24.277 [main] INFO  io.github.biezhi.wechat.ui.StartUI - 2674034671474193192 公众平台安全助手 -> Simpleye: 你正在尝试群发一条【文字】消息，该消息于【11:13】上传，长达【28字】。
发送到公众账号【战斗吧少年】请回复A
放弃请回复N，5分钟内无回复则自动放弃。

2017-11-07 11:13:24.683 [main] INFO  io.github.biezhi.wechat.ui.StartUI - 672469625671587911 公众平台安全助手 -> Simpleye: 你正在尝试群发一条【文字】消息，该消息于【11:13】上传，长达【5字】。
发送到公众账号【战斗吧少年】请回复A
放弃请回复N，5分钟内无回复则自动放弃。

2017-11-07 11:13:25.090 [main] INFO  io.github.biezhi.wechat.ui.StartUI - 361651578963069495 公众平台安全助手 -> Simpleye: 你正在尝试群发一条【文字】消息，该消息于【11:13】上传，长达【29字】。
发送到公众账号【战斗吧少年】请回复A
放弃请回复N，5分钟内无回复则自动放弃。

2017-11-07 11:13:25.868 [main] INFO  io.github.biezhi.wechat.ui.StartUI - 5313560803688507458 公众平台安全助手 -> Simpleye: 你正在尝试群发一条【文字】消息，该消息于【11:13】上传，长达【5字】。
发送到公众账号【战斗吧少年】请回复A
放弃请回复N，5分钟内无回复则自动放弃。

2017-11-07 11:13:26.249 [main] INFO  io.github.biezhi.wechat.ui.StartUI - 7419465563905695131 公众平台安全助手 -> Simpleye: 你正在尝试群发一条【文字】消息，该消息于【11:13】上传，长达【19字】。
发送到公众账号【战斗吧少年】请回复A
放弃请回复N，5分钟内无回复则自动放弃。

2017-11-07 11:13:26.730 [main] INFO  io.github.biezhi.wechat.ui.StartUI - 3849886094293688755 公众平台安全助手 -> Simpleye: 你正在尝试群发一条【文字】消息，该消息于【11:13】上传，长达【14字】。
发送到公众账号【战斗吧少年】请回复A
放弃请回复N，5分钟内无回复则自动放弃。

2017-11-07 11:13:27.131 [main] INFO  io.github.biezhi.wechat.ui.StartUI - 2843296890077650497 公众平台安全助手 -> Simpleye: 你正在尝试群发一条【文字】消息，该消息于【11:13】上传，长达【13字】。
发送到公众账号【战斗吧少年】请回复A
放弃请回复N，5分钟内无回复则自动放弃。

2017-11-07 11:13:27.527 [main] INFO  io.github.biezhi.wechat.ui.StartUI - 2843296890077650497 公众平台安全助手 -> Simpleye: 你正在尝试群发一条【文字】消息，该消息于【11:13】上传，长达【13字】。
发送到公众账号【战斗吧少年】请回复A
放弃请回复N，5分钟内无回复则自动放弃。

2017-11-07 11:13:27.762 [main] INFO  io.github.biezhi.wechat.ui.StartUI - 4446238357548755544 公众平台安全助手 -> Simpleye: 你正在尝试群发一条【文字】消息，该消息于【11:13】上传，长达【19字】。
发送到公众账号【战斗吧少年】请回复A
放弃请回复N，5分钟内无回复则自动放弃。

2017-11-07 11:13:28.161 [main] INFO  io.github.biezhi.wechat.ui.StartUI - 7790031961822956992 公众平台安全助手 -> Simpleye: 你正在尝试群发一条【文字】消息，该消息于【11:13】上传，长达【8字】。
发送到公众账号【战斗吧少年】请回复A
放弃请回复N，5分钟内无回复则自动放弃。

2017-11-07 11:13:28.613 [main] INFO  io.github.biezhi.wechat.ui.StartUI - 5286846396791516214 公众平台安全助手 -> Simpleye: 你正在尝试群发一条【文字】消息，该消息于【11:13】上传，长达【5字】。
发送到公众账号【战斗吧少年】请回复A
放弃请回复N，5分钟内无回复则自动放弃。

2017-11-07 11:13:28.894 [main] INFO  io.github.biezhi.wechat.ui.StartUI - 6164525126459141300 公众平台安全助手 -> Simpleye: 你正在尝试群发一条【文字】消息，该消息于【11:13】上传，长达【59字】。
发送到公众账号【战斗吧少年】请回复A
放弃请回复N，5分钟内无回复则自动放弃。

2017-11-07 11:13:29.354 [main] INFO  io.github.biezhi.wechat.ui.StartUI - 9220413508887567116 公众平台安全助手 -> Simpleye: 你正在尝试群发一条【文字】消息，该消息于【11:13】上传，长达【13字】。
发送到公众账号【战斗吧少年】请回复A
放弃请回复N，5分钟内无回复则自动放弃。

2017-11-07 11:13:29.645 [main] INFO  io.github.biezhi.wechat.ui.StartUI - 490442865561557545 公众平台安全助手 -> Simpleye: 你正在尝试群发一条【文字】消息，该消息于【11:13】上传，长达【14字】。
发送到公众账号【战斗吧少年】请回复A
放弃请回复N，5分钟内无回复则自动放弃。

2017-11-07 11:13:30.131 [main] INFO  io.github.biezhi.wechat.ui.StartUI - 9008123844061541675 公众平台安全助手 -> Simpleye: 你正在尝试群发一条【文字】消息，该消息于【11:13】上传，长达【20字】。
发送到公众账号【战斗吧少年】请回复A
放弃请回复N，5分钟内无回复则自动放弃。

2017-11-07 11:13:30.418 [main] INFO  io.github.biezhi.wechat.ui.StartUI - 7259064345985464570 公众平台安全助手 -> Simpleye: 你正在尝试群发一条【文字】消息，该消息于【11:13】上传，长达【14字】。
发送到公众账号【战斗吧少年】请回复A
放弃请回复N，5分钟内无回复则自动放弃。

2017-11-07 11:13:30.817 [main] INFO  io.github.biezhi.wechat.ui.StartUI - 4389343859073812482 公众平台安全助手 -> Simpleye: 你正在尝试群发一条【文字】消息，该消息于【11:13】上传，长达【13字】。
发送到公众账号【战斗吧少年】请回复A
放弃请回复N，5分钟内无回复则自动放弃。

2017-11-07 11:13:31.104 [main] INFO  io.github.biezhi.wechat.ui.StartUI - 468043486614037368 公众平台安全助手 -> Simpleye: 你正在尝试群发一条【文字】消息，该消息于【11:13】上传，长达【12字】。
发送到公众账号【战斗吧少年】请回复A
放弃请回复N，5分钟内无回复则自动放弃。

2017-11-07 11:13:31.519 [main] INFO  io.github.biezhi.wechat.ui.StartUI - 1905288844662553736 公众平台安全助手 -> Simpleye: 你正在尝试群发一条【文字】消息，该消息于【11:13】上传，长达【7字】。
发送到公众账号【战斗吧少年】请回复A
放弃请回复N，5分钟内无回复则自动放弃。

2017-11-07 11:13:31.803 [main] INFO  io.github.biezhi.wechat.ui.StartUI - 9215348875639096357 公众平台安全助手 -> Simpleye: 你正在尝试群发一条【文字】消息，该消息于【11:13】上传，长达【14字】。
发送到公众账号【战斗吧少年】请回复A
放弃请回复N，5分钟内无回复则自动放弃。

2017-11-07 11:13:32.210 [main] INFO  io.github.biezhi.wechat.ui.StartUI - 3124067367869199862 公众平台安全助手 -> Simpleye: 你正在尝试群发一条【文字】消息，该消息于【11:13】上传，长达【4字】。
发送到公众账号【战斗吧少年】请回复A
放弃请回复N，5分钟内无回复则自动放弃。

2017-11-07 11:13:32.484 [main] INFO  io.github.biezhi.wechat.ui.StartUI - 4591997147133068232 公众平台安全助手 -> Simpleye: 你正在尝试群发一条【文字】消息，该消息于【11:13】上传，长达【14字】。
发送到公众账号【战斗吧少年】请回复A
放弃请回复N，5分钟内无回复则自动放弃。

2017-11-07 11:13:32.917 [main] INFO  io.github.biezhi.wechat.ui.StartUI - 3490552867374271787 公众平台安全助手 -> Simpleye: 你正在尝试群发一条【文字】消息，该消息于【11:13】上传，长达【12字】。
发送到公众账号【战斗吧少年】请回复A
放弃请回复N，5分钟内无回复则自动放弃。

2017-11-07 11:13:33.193 [main] INFO  io.github.biezhi.wechat.ui.StartUI - 4620302244035483638 公众平台安全助手 -> Simpleye: 你正在尝试群发一条【文字】消息，该消息于【11:13】上传，长达【3字】。
发送到公众账号【战斗吧少年】请回复A
放弃请回复N，5分钟内无回复则自动放弃。

2017-11-07 11:13:33.618 [main] INFO  io.github.biezhi.wechat.ui.StartUI - 1912702674162520619 公众平台安全助手 -> Simpleye: 你正在尝试群发一条【文字】消息，该消息于【11:13】上传，长达【14字】。
发送到公众账号【战斗吧少年】请回复A
放弃请回复N，5分钟内无回复则自动放弃。

2017-11-07 11:13:33.948 [main] INFO  io.github.biezhi.wechat.ui.StartUI - 3247655862742780770 公众平台安全助手 -> Simpleye: 你正在尝试群发一条【文字】消息，该消息于【11:13】上传，长达【8字】。
发送到公众账号【战斗吧少年】请回复A
放弃请回复N，5分钟内无回复则自动放弃。

2017-11-07 11:13:34.355 [main] INFO  io.github.biezhi.wechat.ui.StartUI - 7060722280904730126 公众平台安全助手 -> Simpleye: 你正在尝试群发一条【文字】消息，该消息于【11:13】上传，长达【4字】。
发送到公众账号【战斗吧少年】请回复A
放弃请回复N，5分钟内无回复则自动放弃。

2017-11-07 11:13:34.622 [main] INFO  io.github.biezhi.wechat.ui.StartUI - 4205216274146922995 公众平台安全助手 -> Simpleye: 你正在尝试群发一条【文字】消息，该消息于【11:13】上传，长达【16字】。
发送到公众账号【战斗吧少年】请回复A
放弃请回复N，5分钟内无回复则自动放弃。

2017-11-07 11:13:35.043 [main] INFO  io.github.biezhi.wechat.ui.StartUI - 3601947295516311507 公众平台安全助手 -> Simpleye: 你正在尝试群发一条【文字】消息，该消息于【11:13】上传，长达【10字】。
发送到公众账号【战斗吧少年】请回复A
放弃请回复N，5分钟内无回复则自动放弃。

2017-11-07 11:13:35.387 [main] INFO  io.github.biezhi.wechat.ui.StartUI - 8771402183358030583 公众平台安全助手 -> Simpleye: 你正在尝试群发一条【文字】消息，该消息于【11:13】上传，长达【16字】。
发送到公众账号【战斗吧少年】请回复A
放弃请回复N，5分钟内无回复则自动放弃。

2017-11-07 11:13:35.787 [main] INFO  io.github.biezhi.wechat.ui.StartUI - 4924118002096402140 公众平台安全助手 -> Simpleye: 你正在尝试群发一条【文字】消息，该消息于【11:13】上传，长达【7字】。
发送到公众账号【战斗吧少年】请回复A
放弃请回复N，5分钟内无回复则自动放弃。

2017-11-07 11:13:36.078 [main] INFO  io.github.biezhi.wechat.ui.StartUI - 6952555774370654474 公众平台安全助手 -> Simpleye: 你正在尝试群发一条【文字】消息，该消息于【11:13】上传，长达【6字】。
发送到公众账号【战斗吧少年】请回复A
放弃请回复N，5分钟内无回复则自动放弃。

2017-11-07 11:13:36.520 [main] INFO  io.github.biezhi.wechat.ui.StartUI - 2269552843187353548 公众平台安全助手 -> Simpleye: 你正在尝试群发一条【文字】消息，该消息于【11:13】上传，长达【13字】。
发送到公众账号【战斗吧少年】请回复A
放弃请回复N，5分钟内无回复则自动放弃。

2017-11-07 11:13:37.035 [main] INFO  io.github.biezhi.wechat.ui.StartUI - 7297496845857268766 公众平台安全助手 -> Simpleye: 你正在尝试群发一条【文字】消息，该消息于【11:13】上传，长达【14字】。
发送到公众账号【战斗吧少年】请回复A
放弃请回复N，5分钟内无回复则自动放弃。

2017-11-07 11:13:37.573 [main] INFO  io.github.biezhi.wechat.ui.StartUI - 3881038146641496734 公众平台安全助手 -> Simpleye: 你正在尝试群发一条【文字】消息，该消息于【11:13】上传，长达【10字】。
发送到公众账号【战斗吧少年】请回复A
放弃请回复N，5分钟内无回复则自动放弃。

2017-11-07 11:13:37.960 [main] INFO  io.github.biezhi.wechat.ui.StartUI - 1843445331184419379 公众平台安全助手 -> Simpleye: 你正在尝试群发一条【文字】消息，该消息于【11:13】上传，长达【20字】。
发送到公众账号【战斗吧少年】请回复A
放弃请回复N，5分钟内无回复则自动放弃。

2017-11-07 11:13:38.354 [main] INFO  io.github.biezhi.wechat.ui.StartUI - 3694379177956818777 公众平台安全助手 -> Simpleye: 你正在尝试群发一条【文字】消息，该消息于【11:13】上传，长达【7字】。
发送到公众账号【战斗吧少年】请回复A
放弃请回复N，5分钟内无回复则自动放弃。

2017-11-07 11:13:38.652 [main] INFO  io.github.biezhi.wechat.ui.StartUI - 7389260190524635600 公众平台安全助手 -> Simpleye: 你正在尝试群发一条【文字】消息，该消息于【11:13】上传，长达【52字】。
发送到公众账号【战斗吧少年】请回复A
放弃请回复N，5分钟内无回复则自动放弃。

2017-11-07 11:13:39.071 [main] INFO  io.github.biezhi.wechat.ui.StartUI - 3505614405188382294 公众平台安全助手 -> Simpleye: 你正在尝试群发一条【文字】消息，该消息于【11:13】上传，长达【4字】。
发送到公众账号【战斗吧少年】请回复A
放弃请回复N，5分钟内无回复则自动放弃。

2017-11-07 11:13:39.439 [main] INFO  io.github.biezhi.wechat.ui.StartUI - 8605649265915573397 公众平台安全助手 -> Simpleye: 你正在尝试群发一条【文字】消息，该消息于【11:13】上传，长达【8字】。
发送到公众账号【战斗吧少年】请回复A
放弃请回复N，5分钟内无回复则自动放弃。

2017-11-07 11:13:39.691 [main] INFO  io.github.biezhi.wechat.ui.StartUI - 8419177167132719162 公众平台安全助手 -> Simpleye: 你正在尝试群发一条【文字】消息，该消息于【11:13】上传，长达【4字】。
发送到公众账号【战斗吧少年】请回复A
放弃请回复N，5分钟内无回复则自动放弃。

2017-11-07 11:13:40.113 [main] INFO  io.github.biezhi.wechat.ui.StartUI - 4319847221974974657 公众平台安全助手 -> Simpleye: 你正在尝试群发一条【文字】消息，该消息于【11:13】上传，长达【5字】。
发送到公众账号【战斗吧少年】请回复A
放弃请回复N，5分钟内无回复则自动放弃。

2017-11-07 11:13:40.518 [main] INFO  io.github.biezhi.wechat.ui.StartUI - 794137364224469988 公众平台安全助手 -> Simpleye: 你正在尝试群发一条【文字】消息，该消息于【11:13】上传，长达【10字】。
发送到公众账号【战斗吧少年】请回复A
放弃请回复N，5分钟内无回复则自动放弃。

2017-11-07 11:13:40.936 [main] INFO  io.github.biezhi.wechat.ui.StartUI - 4634554343212696318 公众平台安全助手 -> Simpleye: 你正在尝试群发一条【文字】消息，该消息于【11:13】上传，长达【10字】。
发送到公众账号【战斗吧少年】请回复A
放弃请回复N，5分钟内无回复则自动放弃。

2017-11-07 11:13:41.363 [main] INFO  io.github.biezhi.wechat.ui.StartUI - 6973381256185955014 公众平台安全助手 -> Simpleye: 你正在尝试群发一条【文字】消息，该消息于【11:13】上传，长达【6字】。
发送到公众账号【战斗吧少年】请回复A
放弃请回复N，5分钟内无回复则自动放弃。

2017-11-07 11:13:42.283 [main] INFO  io.github.biezhi.wechat.ui.StartUI - 1289986269865633686 公众平台安全助手 -> Simpleye: 你正在尝试群发一条【文字】消息，该消息于【11:13】上传，长达【14字】。
发送到公众账号【战斗吧少年】请回复A
放弃请回复N，5分钟内无回复则自动放弃。

2017-11-07 11:13:42.551 [main] INFO  io.github.biezhi.wechat.ui.StartUI - 2243384133583908972 公众平台安全助手 -> Simpleye: 你正在尝试群发一条【文字】消息，该消息于【11:13】上传，长达【10字】。
发送到公众账号【战斗吧少年】请回复A
放弃请回复N，5分钟内无回复则自动放弃。

2017-11-07 11:13:42.947 [main] INFO  io.github.biezhi.wechat.ui.StartUI - 434039056664086622 公众平台安全助手 -> Simpleye: 你正在尝试群发一条【文字】消息，该消息于【11:13】上传，长达【7字】。
发送到公众账号【战斗吧少年】请回复A
放弃请回复N，5分钟内无回复则自动放弃。

2017-11-07 11:13:43.355 [main] INFO  io.github.biezhi.wechat.ui.StartUI - 8109024355131212336 公众平台安全助手 -> Simpleye: 你正在尝试群发一条【文字】消息，该消息于【11:13】上传，长达【7字】。
发送到公众账号【战斗吧少年】请回复A
放弃请回复N，5分钟内无回复则自动放弃。

2017-11-07 11:13:43.600 [main] INFO  io.github.biezhi.wechat.ui.StartUI - 299754728358693723 公众平台安全助手 -> Simpleye: 你正在尝试群发一条【文字】消息，该消息于【11:13】上传，长达【3字】。
发送到公众账号【战斗吧少年】请回复A
放弃请回复N，5分钟内无回复则自动放弃。

2017-11-07 11:13:43.990 [main] INFO  io.github.biezhi.wechat.ui.StartUI - 1162374561142854192 公众平台安全助手 -> Simpleye: 你正在尝试群发一条【文字】消息，该消息于【11:13】上传，长达【16字】。
发送到公众账号【战斗吧少年】请回复A
放弃请回复N，5分钟内无回复则自动放弃。

2017-11-07 11:13:44.391 [main] INFO  io.github.biezhi.wechat.ui.StartUI - 7824983896093197793 公众平台安全助手 -> Simpleye: 你正在尝试群发一条【文字】消息，该消息于【11:13】上传，长达【7字】。
发送到公众账号【战斗吧少年】请回复A
放弃请回复N，5分钟内无回复则自动放弃。

2017-11-07 11:13:44.658 [main] INFO  io.github.biezhi.wechat.ui.StartUI - 8251435342728933988 公众平台安全助手 -> Simpleye: 你正在尝试群发一条【文字】消息，该消息于【11:13】上传，长达【11字】。
发送到公众账号【战斗吧少年】请回复A
放弃请回复N，5分钟内无回复则自动放弃。

2017-11-07 11:13:45.057 [main] INFO  io.github.biezhi.wechat.ui.StartUI - 8413497084661222876 公众平台安全助手 -> Simpleye: 你正在尝试群发一条【文字】消息，该消息于【11:13】上传，长达【14字】。
发送到公众账号【战斗吧少年】请回复A
放弃请回复N，5分钟内无回复则自动放弃。

2017-11-07 11:13:45.324 [main] INFO  io.github.biezhi.wechat.ui.StartUI - 2171848482698236516 公众平台安全助手 -> Simpleye: 你正在尝试群发一条【文字】消息，该消息于【11:13】上传，长达【29字】。
发送到公众账号【战斗吧少年】请回复A
放弃请回复N，5分钟内无回复则自动放弃。

2017-11-07 11:13:45.756 [main] INFO  io.github.biezhi.wechat.ui.StartUI - 553939041649045137 公众平台安全助手 -> Simpleye: 你正在尝试群发一条【文字】消息，该消息于【11:13】上传，长达【8字】。
发送到公众账号【战斗吧少年】请回复A
放弃请回复N，5分钟内无回复则自动放弃。

2017-11-07 11:13:45.984 [main] INFO  io.github.biezhi.wechat.ui.StartUI - 238919664777721664 公众平台安全助手 -> Simpleye: 你正在尝试群发一条【文字】消息，该消息于【11:13】上传，长达【11字】。
发送到公众账号【战斗吧少年】请回复A
放弃请回复N，5分钟内无回复则自动放弃。

2017-11-07 11:13:46.407 [main] INFO  io.github.biezhi.wechat.ui.StartUI - 7610007245501063615 公众平台安全助手 -> Simpleye: 你正在尝试群发一条【文字】消息，该消息于【11:13】上传，长达【14字】。
发送到公众账号【战斗吧少年】请回复A
放弃请回复N，5分钟内无回复则自动放弃。

2017-11-07 11:13:46.755 [main] INFO  io.github.biezhi.wechat.ui.StartUI - 5377148388369327815 公众平台安全助手 -> Simpleye: 你正在尝试群发一条【文字】消息，该消息于【11:13】上传，长达【14字】。
发送到公众账号【战斗吧少年】请回复A
放弃请回复N，5分钟内无回复则自动放弃。

2017-11-07 15:39:27.072 [main] INFO  io.github.biezhi.wechat.ui.StartUI - [*] 微信网页版 ... 开动

2017-11-07 15:39:27.076 [main] INFO  io.github.biezhi.wechat.ui.StartUI - [*] 尝试初始化 ... 
2017-11-07 15:39:27.076 [main] INFO  io.github.biezhi.wechat.ui.StartUI - [*] 正在获取 uuid ... 
2017-11-07 15:39:27.707 [main] INFO  io.github.biezhi.wechat.ui.StartUI - [*] 正在获取二维码 ... 成功

2017-11-07 15:39:28.158 [main] INFO  io.github.biezhi.wechat.ui.StartUI - [*] 请使用微信扫描二维码以登录 ... 

2017-11-07 15:39:40.589 [main] INFO  io.github.biezhi.wechat.ui.StartUI - [*] 请在手机上点击确认以登录 ... 

2017-11-07 15:39:42.019 [main] INFO  io.github.biezhi.wechat.ui.StartUI - [*] 正在登录 ... 
2017-11-07 15:39:42.242 [main] INFO  io.github.biezhi.wechat.ui.StartUI - [*] 微信初始化 ... 
2017-11-07 15:39:42.617 [main] INFO  io.github.biezhi.wechat.ui.StartUI - [*] 开启状态通知 ... 
2017-11-07 15:39:42.686 [main] INFO  io.github.biezhi.wechat.ui.StartUI - [*] 获取联系人 ... 
2017-11-07 15:39:44.593 [main] INFO  io.github.biezhi.wechat.ui.StartUI - [*] 应有 [348] 个联系人，读取到联系人 [348] 个

2017-11-07 15:39:44.593 [main] INFO  io.github.biezhi.wechat.ui.StartUI - [*] 共有 [0] 个群 | [277] 个直接联系人 | [0] 个特殊账号 ｜ [70] 个公众号/服务号

2017-11-07 15:39:44.594 [main] INFO  io.github.biezhi.wechat.ui.StartUI - [*] 保存配置 ... 
2017-11-07 15:39:44.982 [main] INFO  io.github.biezhi.wechat.ui.StartUI - [*] 提示手机网页版微信登录状态

2017-11-07 15:40:09.253 [main] INFO  io.github.biezhi.wechat.ui.StartUI - 8800387220221184424 弄人儿 -> Simpleye: null

2017-11-07 15:40:53.516 [main] INFO  io.github.biezhi.wechat.ui.StartUI - [*] 提示手机网页版微信登录状态

2017-11-07 15:41:12.662 [main] INFO  io.github.biezhi.wechat.ui.StartUI - [*] 提示手机网页版微信登录状态

2017-11-07 15:41:16.794 [main] INFO  io.github.biezhi.wechat.ui.StartUI - 5718473520511394846 Simpleye -> Simpleye: 小狗图片

2017-11-07 15:41:24.215 [main] INFO  io.github.biezhi.wechat.ui.StartUI - 2871921384917817009 Simpleye -> Simpleye: 狗狗图片

2017-11-07 15:41:30.166 [main] INFO  io.github.biezhi.wechat.ui.StartUI - 7362169255849280372 Simpleye -> Simpleye: 狗日

2017-11-07 15:41:37.065 [main] INFO  io.github.biezhi.wechat.ui.StartUI - 4966276743653666409 Simpleye -> Simpleye: 你说呢

2017-11-07 15:41:40.574 [main] INFO  io.github.biezhi.wechat.ui.StartUI - 4281286751245924913 Simpleye -> Simpleye: 你谁呢

2017-11-07 15:41:44.859 [main] INFO  io.github.biezhi.wechat.ui.StartUI - 3418512867664130999 Simpleye -> Simpleye: 成都天气

2017-11-07 15:41:53.696 [main] INFO  io.github.biezhi.wechat.ui.StartUI - 1520598101467389206 Simpleye -> Simpleye: 成都明日天气

2017-11-07 15:42:14.795 [main] INFO  io.github.biezhi.wechat.ui.StartUI - 2677210650715287397 Simpleye -> Simpleye: 成都明日有雾

2017-11-07 15:42:21.524 [main] INFO  io.github.biezhi.wechat.ui.StartUI - [*] 提示手机网页版微信登录状态

